<?xml version="1.0" encoding="UTF-8"?>
<testng-results ignored="0" total="4" passed="4" failed="0" skipped="0">
  <reporter-output>
  </reporter-output>
  <suite started-at="2022-11-08T12:08:04 IST" name="Suite" finished-at="2022-11-08T12:08:09 IST" duration-ms="5322">
    <groups>
    </groups>
    <test started-at="2022-11-08T12:08:04 IST" name="Test" finished-at="2022-11-08T12:08:09 IST" duration-ms="5322">
      <class name="multipleclassesexample.class3">
        <test-method is-config="true" signature="opening_browser()[pri:0, instance:multipleclassesexample.class3@4e7912d8]" started-at="2022-11-08T12:08:04 IST" name="opening_browser" finished-at="2022-11-08T12:08:08 IST" duration-ms="4189" status="PASS">
          <reporter-output>
          </reporter-output>
        </test-method> <!-- opening_browser -->
        <test-method signature="title()[pri:2, instance:multipleclassesexample.class3@4e7912d8]" started-at="2022-11-08T12:08:08 IST" name="title" finished-at="2022-11-08T12:08:08 IST" duration-ms="18" status="PASS">
          <reporter-output>
          </reporter-output>
        </test-method> <!-- title -->
        <test-method signature="url()[pri:3, instance:multipleclassesexample.class3@4e7912d8]" started-at="2022-11-08T12:08:08 IST" name="url" finished-at="2022-11-08T12:08:08 IST" duration-ms="21" status="PASS">
          <reporter-output>
          </reporter-output>
        </test-method> <!-- url -->
        <test-method signature="dropdown()[pri:4, instance:multipleclassesexample.class3@4e7912d8]" started-at="2022-11-08T12:08:08 IST" name="dropdown" finished-at="2022-11-08T12:08:08 IST" duration-ms="419" status="PASS">
          <reporter-output>
          </reporter-output>
        </test-method> <!-- dropdown -->
        <test-method signature="screenshot()[pri:5, instance:multipleclassesexample.class3@4e7912d8]" started-at="2022-11-08T12:08:08 IST" name="screenshot" finished-at="2022-11-08T12:08:09 IST" duration-ms="493" status="PASS">
          <reporter-output>
          </reporter-output>
        </test-method> <!-- screenshot -->
        <test-method is-config="true" signature="close_browser()[pri:0, instance:multipleclassesexample.class3@4e7912d8]" started-at="2022-11-08T12:08:09 IST" name="close_browser" finished-at="2022-11-08T12:08:09 IST" duration-ms="127" status="PASS">
          <reporter-output>
          </reporter-output>
        </test-method> <!-- close_browser -->
      </class> <!-- multipleclassesexample.class3 -->
    </test> <!-- Test -->
  </suite> <!-- Suite -->
</testng-results>
