<?xml version="1.0" encoding="UTF-8"?>
<!-- Generated by org.testng.reporters.JUnitXMLReporter -->
<testsuite ignored="0" hostname="Sathishsrinivas" failures="0" tests="4" name="Test" time="5.322" errors="0" timestamp="2022-11-08T12:08:09 IST">
  <testcase classname="multipleclassesexample.class1" name="title" time="0.018"/>
  <testcase classname="multipleclassesexample.class2" name="url" time="0.021"/>
  <testcase classname="multipleclassesexample.class2" name="dropdown" time="0.419"/>
  <testcase classname="multipleclassesexample.class3" name="screenshot" time="0.493"/>
</testsuite> <!-- Test -->
